# JRE version: OpenJDK Runtime Environment (8.0_152-b01) (build 1.8.0_152-release-915-b01)
# Java VM: OpenJDK 64-Bit Server VM (25.152-b01 mixed mode windows-amd64 compressed oops)
Heap:
 PSYoungGen      total 176640K, used 91712K [0x00000000e0000000, 0x00000000ed780000, 0x0000000100000000)
  eden space 147968K, 42% used [0x00000000e0000000,0x00000000e3e06100,0x00000000e9080000)
  from space 28672K, 98% used [0x00000000e9b80000,0x00000000eb709f40,0x00000000eb780000)
  to   space 32768K, 0% used [0x00000000eb780000,0x00000000eb780000,0x00000000ed780000)
 ParOldGen       total 151040K, used 44273K [0x00000000a0000000, 0x00000000a9380000, 0x00000000e0000000)
  object space 151040K, 29% used [0x00000000a0000000,0x00000000a2b3c580,0x00000000a9380000)
 Metaspace       used 79199K, capacity 82706K, committed 83032K, reserved 1122304K
  class space    used 10161K, capacity 11035K, committed 11136K, reserved 1048576K
GC Heap History (10 events):
Event: 39.404 GC heap before
{Heap before GC invocations=18 (full 3):
 PSYoungGen      total 155136K, used 155011K [0x00000000e0000000, 0x00000000ebb80000, 0x0000000100000000)
  eden space 140288K, 100% used [0x00000000e0000000,0x00000000e8900000,0x00000000e8900000)
  from space 14848K, 99% used [0x00000000ead00000,0x00000000ebb60dc8,0x00000000ebb80000)
  to   space 22016K, 0% used [0x00000000e9080000,0x00000000e9080000,0x00000000ea600000)
 ParOldGen       total 151040K, used 35907K [0x00000000a0000000, 0x00000000a9380000, 0x00000000e0000000)
  object space 151040K, 23% used [0x00000000a0000000,0x00000000a2310e38,0x00000000a9380000)
 Metaspace       used 66124K, capacity 68914K, committed 69080K, reserved 1110016K
  class space    used 8718K, capacity 9429K, committed 9472K, reserved 1048576K
Event: 39.423 GC heap after
Heap after GC invocations=18 (full 3):
 PSYoungGen      total 169984K, used 22011K [0x00000000e0000000, 0x00000000ed000000, 0x0000000100000000)
  eden space 147968K, 0% used [0x00000000e0000000,0x00000000e0000000,0x00000000e9080000)
  from space 22016K, 99% used [0x00000000e9080000,0x00000000ea5fecb0,0x00000000ea600000)
  to   space 25088K, 0% used [0x00000000eb780000,0x00000000eb780000,0x00000000ed000000)
 ParOldGen       total 151040K, used 35958K [0x00000000a0000000, 0x00000000a9380000, 0x00000000e0000000)
  object space 151040K, 23% used [0x00000000a0000000,0x00000000a231da88,0x00000000a9380000)
 Metaspace       used 66124K, capacity 68914K, committed 69080K, reserved 1110016K
  class space    used 8718K, capacity 9429K, committed 9472K, reserved 1048576K
}
Event: 44.819 GC heap before
{Heap before GC invocations=19 (full 3):
 PSYoungGen      total 169984K, used 169979K [0x00000000e0000000, 0x00000000ed000000, 0x0000000100000000)
  eden space 147968K, 100% used [0x00000000e0000000,0x00000000e9080000,0x00000000e9080000)
  from space 22016K, 99% used [0x00000000e9080000,0x00000000ea5fecb0,0x00000000ea600000)
  to   space 25088K, 0% used [0x00000000eb780000,0x00000000eb780000,0x00000000ed000000)
 ParOldGen       total 151040K, used 35958K [0x00000000a0000000, 0x00000000a9380000, 0x00000000e0000000)
  object space 151040K, 23% used [0x00000000a0000000,0x00000000a231da88,0x00000000a9380000)
 Metaspace       used 70941K, capacity 73922K, committed 74200K, reserved 1114112K
  class space    used 9240K, capacity 9965K, committed 9984K, reserved 1048576K
Event: 44.863 GC heap after
Heap after GC invocations=19 (full 3):
 PSYoungGen      total 181248K, used 25074K [0x00000000e0000000, 0x00000000ee480000, 0x0000000100000000)
  eden space 156160K, 0% used [0x00000000e0000000,0x00000000e0000000,0x00000000e9880000)
  from space 25088K, 99% used [0x00000000eb780000,0x00000000ecffc8a0,0x00000000ed000000)
  to   space 31744K, 0% used [0x00000000e9880000,0x00000000e9880000,0x00000000eb780000)
 ParOldGen       total 151040K, used 44249K [0x00000000a0000000, 0x00000000a9380000, 0x00000000e0000000)
  object space 151040K, 29% used [0x00000000a0000000,0x00000000a2b36580,0x00000000a9380000)
 Metaspace       used 70941K, capacity 73922K, committed 74200K, reserved 1114112K
  class space    used 9240K, capacity 9965K, committed 9984K, reserved 1048576K
}
Event: 53.524 GC heap before
{Heap before GC invocations=20 (full 3):
 PSYoungGen      total 181248K, used 181234K [0x00000000e0000000, 0x00000000ee480000, 0x0000000100000000)
  eden space 156160K, 100% used [0x00000000e0000000,0x00000000e9880000,0x00000000e9880000)
  from space 25088K, 99% used [0x00000000eb780000,0x00000000ecffc8a0,0x00000000ed000000)
  to   space 31744K, 0% used [0x00000000e9880000,0x00000000e9880000,0x00000000eb780000)
 ParOldGen       total 151040K, used 44249K [0x00000000a0000000, 0x00000000a9380000, 0x00000000e0000000)
  object space 151040K, 29% used [0x00000000a0000000,0x00000000a2b36580,0x00000000a9380000)
 Metaspace       used 72439K, capacity 75446K, committed 75736K, reserved 1114112K
  class space    used 9432K, capacity 10169K, committed 10240K, reserved 1048576K
Event: 53.592 GC heap after
Heap after GC invocations=20 (full 3):
 PSYoungGen      total 187904K, used 18801K [0x00000000e0000000, 0x00000000ee580000, 0x0000000100000000)
  eden space 156160K, 0% used [0x00000000e0000000,0x00000000e0000000,0x00000000e9880000)
  from space 31744K, 59% used [0x00000000e9880000,0x00000000eaadc7e8,0x00000000eb780000)
  to   space 31744K, 0% used [0x00000000ec680000,0x00000000ec680000,0x00000000ee580000)
 ParOldGen       total 151040K, used 44257K [0x00000000a0000000, 0x00000000a9380000, 0x00000000e0000000)
  object space 151040K, 29% used [0x00000000a0000000,0x00000000a2b38580,0x00000000a9380000)
 Metaspace       used 72439K, capacity 75446K, committed 75736K, reserved 1114112K
  class space    used 9432K, capacity 10169K, committed 10240K, reserved 1048576K
}
Event: 667.025 GC heap before
{Heap before GC invocations=21 (full 3):
 PSYoungGen      total 187904K, used 174961K [0x00000000e0000000, 0x00000000ee580000, 0x0000000100000000)
  eden space 156160K, 100% used [0x00000000e0000000,0x00000000e9880000,0x00000000e9880000)
  from space 31744K, 59% used [0x00000000e9880000,0x00000000eaadc7e8,0x00000000eb780000)
  to   space 31744K, 0% used [0x00000000ec680000,0x00000000ec680000,0x00000000ee580000)
 ParOldGen       total 151040K, used 44257K [0x00000000a0000000, 0x00000000a9380000, 0x00000000e0000000)
  object space 151040K, 29% used [0x00000000a0000000,0x00000000a2b38580,0x00000000a9380000)
 Metaspace       used 73371K, capacity 76764K, committed 76888K, reserved 1116160K
  class space    used 9520K, capacity 10348K, committed 10368K, reserved 1048576K
Event: 667.052 GC heap after
Heap after GC invocations=21 (full 3):
 PSYoungGen      total 174592K, used 22413K [0x00000000e0000000, 0x00000000edc80000, 0x0000000100000000)
  eden space 152064K, 0% used [0x00000000e0000000,0x00000000e0000000,0x00000000e9480000)
  from space 22528K, 99% used [0x00000000ec680000,0x00000000edc63548,0x00000000edc80000)
  to   space 33280K, 0% used [0x00000000e9b80000,0x00000000e9b80000,0x00000000ebc00000)
 ParOldGen       total 151040K, used 44265K [0x00000000a0000000, 0x00000000a9380000, 0x00000000e0000000)
  object space 151040K, 29% used [0x00000000a0000000,0x00000000a2b3a580,0x00000000a9380000)
 Metaspace       used 73371K, capacity 76764K, committed 76888K, reserved 1116160K
  class space    used 9520K, capacity 10348K, committed 10368K, reserved 1048576K
}
Event: 674.873 GC heap before
{Heap before GC invocations=22 (full 3):
 PSYoungGen      total 174592K, used 174477K [0x00000000e0000000, 0x00000000edc80000, 0x0000000100000000)
  eden space 152064K, 100% used [0x00000000e0000000,0x00000000e9480000,0x00000000e9480000)
  from space 22528K, 99% used [0x00000000ec680000,0x00000000edc63548,0x00000000edc80000)
  to   space 33280K, 0% used [0x00000000e9b80000,0x00000000e9b80000,0x00000000ebc00000)
 ParOldGen       total 151040K, used 44265K [0x00000000a0000000, 0x00000000a9380000, 0x00000000e0000000)
  object space 151040K, 29% used [0x00000000a0000000,0x00000000a2b3a580,0x00000000a9380000)
 Metaspace       used 79162K, capacity 82636K, committed 82776K, reserved 1120256K
  class space    used 10160K, capacity 11034K, committed 11136K, reserved 1048576K
Event: 674.903 GC heap after
Heap after GC invocations=22 (full 3):
 PSYoungGen      total 176640K, used 28199K [0x00000000e0000000, 0x00000000ed780000, 0x0000000100000000)
  eden space 147968K, 0% used [0x00000000e0000000,0x00000000e0000000,0x00000000e9080000)
  from space 28672K, 98% used [0x00000000e9b80000,0x00000000eb709f40,0x00000000eb780000)
  to   space 32768K, 0% used [0x00000000eb780000,0x00000000eb780000,0x00000000ed780000)
 ParOldGen       total 151040K, used 44273K [0x00000000a0000000, 0x00000000a9380000, 0x00000000e0000000)
  object space 151040K, 29% used [0x00000000a0000000,0x00000000a2b3c580,0x00000000a9380000)
 Metaspace       used 79162K, capacity 82636K, committed 82776K, reserved 1120256K
  class space    used 10160K, capacity 11034K, committed 11136K, reserved 1048576K
}

